<?xml version="1.0" encoding="UTF-8"?>
<testsuite name="AuthorisationTest" tests="1" skipped="0" failures="0" errors="0" timestamp="2018-06-24T15:21:53" hostname="Kot" time="8.417">
  <properties/>
  <testcase name="myFirstTest" classname="AuthorisationTest" time="8.417"/>
  <system-out><![CDATA[]]></system-out>
  <system-err><![CDATA[SLF4J: Failed to load class "org.slf4j.impl.StaticLoggerBinder".
SLF4J: Defaulting to no-operation (NOP) logger implementation
SLF4J: See http://www.slf4j.org/codes.html#StaticLoggerBinder for further details.
Starting ChromeDriver 2.40.565498 (ea082db3280dd6843ebfb08a625e3eb905c4f5ab) on port 24051
Only local connections are allowed.
июн 24, 2018 9:21:59 PM org.openqa.selenium.remote.ProtocolHandshake createSession
INFO: Detected dialect: OSS
]]></system-err>
</testsuite>
